

Processing ProposalsController#index (for 127.0.0.1 at 2010-08-16 00:35:47) [GET]
Rendering template within layouts/sessions
Rendering /sessions/new
Filter chain halted as [:authenticate] rendered_or_redirected.
Completed in 11ms (View: 11, DB: 0) | 200 OK [http://localhost/]


Processing ProposalsController#index (for 127.0.0.1 at 2010-08-16 00:36:03) [GET]
Rendering template within layouts/sessions
Rendering /sessions/new
Filter chain halted as [:authenticate] rendered_or_redirected.
Completed in 11ms (View: 11, DB: 0) | 200 OK [http://localhost/]


Processing ProposalsController#index (for 127.0.0.1 at 2010-08-16 00:36:05) [GET]
Rendering template within layouts/sessions
Rendering /sessions/new
Filter chain halted as [:authenticate] rendered_or_redirected.
Completed in 4ms (View: 3, DB: 0) | 200 OK [http://localhost/]


Processing ProposalsController#index (for 127.0.0.1 at 2010-08-16 00:36:21) [GET]
Rendering template within layouts/sessions
Rendering /sessions/new
Filter chain halted as [:authenticate] rendered_or_redirected.
Completed in 11ms (View: 10, DB: 0) | 200 OK [http://localhost/]


Processing ProposalsController#index (for 127.0.0.1 at 2010-08-16 00:36:29) [GET]
  Parameters: {"openid_username"=>"mag", "openid_identifier"=>"https://openid.octo.com/users/mag"}
Filter chain halted as [:handle_openid] rendered_or_redirected.
Completed in 1ms (View: 0, DB: 0) | 401 Unauthorized [http://localhost/?openid_username=mag&openid_identifier=https%3A%2F%2Fopenid.octo.com%2Fusers%2Fmag]
/!\ FAILSAFE /!\  Mon Aug 16 00:36:30 +0200 2010
  Status: 500 Internal Server Error
  Could not find table 'open_id_associations'
    /usr/lib/ruby/gems/1.8/gems/activerecord-2.3.8/lib/active_record/connection_adapters/sqlite3_adapter.rb:29:in `table_structure'
    /usr/lib/ruby/gems/1.8/gems/activesupport-2.3.8/lib/active_support/core_ext/object/misc.rb:39:in `returning'
    /usr/lib/ruby/gems/1.8/gems/activerecord-2.3.8/lib/active_record/connection_adapters/sqlite3_adapter.rb:28:in `table_structure'
    /usr/lib/ruby/gems/1.8/gems/activerecord-2.3.8/lib/active_record/connection_adapters/sqlite_adapter.rb:228:in `columns'
    /usr/lib/ruby/gems/1.8/gems/activerecord-2.3.8/lib/active_record/base.rb:1301:in `columns'
    /usr/lib/ruby/gems/1.8/gems/activerecord-2.3.8/lib/active_record/base.rb:1314:in `column_names'
    /usr/lib/ruby/gems/1.8/gems/activerecord-2.3.8/lib/active_record/base.rb:1327:in `column_methods_hash'
    /usr/lib/ruby/gems/1.8/gems/activerecord-2.3.8/lib/active_record/base.rb:2021:in `all_attributes_exists?'
    /usr/lib/ruby/gems/1.8/gems/ruby-openid-2.1.7/lib/openid/yadis/xrds.rb:98:in `all?'
    /usr/lib/ruby/gems/1.8/gems/activerecord-2.3.8/lib/active_record/base.rb:2021:in `each'
    /usr/lib/ruby/gems/1.8/gems/activerecord-2.3.8/lib/active_record/base.rb:2021:in `all?'
    /usr/lib/ruby/gems/1.8/gems/activerecord-2.3.8/lib/active_record/base.rb:2021:in `all_attributes_exists?'
    /usr/lib/ruby/gems/1.8/gems/activerecord-2.3.8/lib/active_record/base.rb:1872:in `method_missing_without_paginate'
    /usr/lib/ruby/gems/1.8/gems/will_paginate-2.3.14/lib/will_paginate/finder.rb:170:in `method_missing'
    /home/mag/dev/octocracy_spike/vendor/plugins/octo-rails/lib/openid_ar_store.rb:19:in `get_association'
    /usr/lib/ruby/gems/1.8/gems/ruby-openid-2.1.7/lib/openid/consumer/associationmanager.rb:116:in `get_association'
    /usr/lib/ruby/gems/1.8/gems/ruby-openid-2.1.7/lib/openid/consumer.rb:243:in `begin_without_discovery'
    /usr/lib/ruby/gems/1.8/gems/ruby-openid-2.1.7/lib/openid/consumer.rb:228:in `begin'
    /usr/lib/ruby/gems/1.8/gems/rack-openid-1.1.1/lib/rack/openid.rb:121:in `begin_authentication'
    /usr/lib/ruby/gems/1.8/gems/rack-openid-1.1.1/lib/rack/openid.rb:101:in `call'
    /usr/lib/ruby/gems/1.8/gems/haml-3.0.12/rails/../lib/sass/plugin/rack.rb:41:in `call'
    /usr/lib/ruby/gems/1.8/gems/actionpack-2.3.8/lib/action_controller/string_coercion.rb:25:in `call'
    /usr/lib/ruby/gems/1.8/gems/rack-1.1.0/lib/rack/head.rb:9:in `call'
    /usr/lib/ruby/gems/1.8/gems/rack-1.1.0/lib/rack/methodoverride.rb:24:in `call'
    /usr/lib/ruby/gems/1.8/gems/actionpack-2.3.8/lib/action_controller/params_parser.rb:15:in `call'
    /usr/lib/ruby/gems/1.8/gems/actionpack-2.3.8/lib/action_controller/session/cookie_store.rb:99:in `call'
    /usr/lib/ruby/gems/1.8/gems/actionpack-2.3.8/lib/action_controller/failsafe.rb:26:in `call'
    /usr/lib/ruby/gems/1.8/gems/rack-1.1.0/lib/rack/lock.rb:11:in `call'
    /usr/lib/ruby/gems/1.8/gems/rack-1.1.0/lib/rack/lock.rb:11:in `synchronize'
    /usr/lib/ruby/gems/1.8/gems/rack-1.1.0/lib/rack/lock.rb:11:in `call'
    /usr/lib/ruby/gems/1.8/gems/actionpack-2.3.8/lib/action_controller/dispatcher.rb:106:in `call'
    /usr/lib/ruby/gems/1.8/gems/rails-2.3.8/lib/rails/rack/static.rb:31:in `call'
    /usr/lib/ruby/gems/1.8/gems/rack-1.1.0/lib/rack/urlmap.rb:47:in `call'
    /usr/lib/ruby/gems/1.8/gems/rack-1.1.0/lib/rack/urlmap.rb:41:in `each'
    /usr/lib/ruby/gems/1.8/gems/rack-1.1.0/lib/rack/urlmap.rb:41:in `call'
    /usr/lib/ruby/gems/1.8/gems/rails-2.3.8/lib/rails/rack/log_tailer.rb:17:in `call'
    /usr/lib/ruby/gems/1.8/gems/rack-1.1.0/lib/rack/content_length.rb:13:in `call'
    /usr/lib/ruby/gems/1.8/gems/rack-1.1.0/lib/rack/chunked.rb:15:in `call'
    /usr/lib/ruby/gems/1.8/gems/rack-1.1.0/lib/rack/handler/mongrel.rb:67:in `process'
    /usr/lib/ruby/gems/1.8/gems/mongrel-1.1.5/lib/mongrel.rb:159:in `process_client'
    /usr/lib/ruby/gems/1.8/gems/mongrel-1.1.5/lib/mongrel.rb:158:in `each'
    /usr/lib/ruby/gems/1.8/gems/mongrel-1.1.5/lib/mongrel.rb:158:in `process_client'
    /usr/lib/ruby/gems/1.8/gems/mongrel-1.1.5/lib/mongrel.rb:285:in `run'
    /usr/lib/ruby/gems/1.8/gems/mongrel-1.1.5/lib/mongrel.rb:285:in `initialize'
    /usr/lib/ruby/gems/1.8/gems/mongrel-1.1.5/lib/mongrel.rb:285:in `new'
    /usr/lib/ruby/gems/1.8/gems/mongrel-1.1.5/lib/mongrel.rb:285:in `run'
    /usr/lib/ruby/gems/1.8/gems/mongrel-1.1.5/lib/mongrel.rb:268:in `initialize'
    /usr/lib/ruby/gems/1.8/gems/mongrel-1.1.5/lib/mongrel.rb:268:in `new'
    /usr/lib/ruby/gems/1.8/gems/mongrel-1.1.5/lib/mongrel.rb:268:in `run'
    /usr/lib/ruby/gems/1.8/gems/rack-1.1.0/lib/rack/handler/mongrel.rb:38:in `run'
    /usr/lib/ruby/gems/1.8/gems/rails-2.3.8/lib/commands/server.rb:111
    /usr/local/lib/site_ruby/1.8/rubygems/custom_require.rb:31:in `gem_original_require'
    /usr/local/lib/site_ruby/1.8/rubygems/custom_require.rb:31:in `require'
    script/server:3


Processing ProposalsController#index (for 127.0.0.1 at 2010-08-16 00:37:41) [GET]
  Parameters: {"openid_username"=>"mag", "openid_identifier"=>"https://openid.octo.com/users/mag"}
Filter chain halted as [:handle_openid] rendered_or_redirected.
Completed in 1ms (View: 0, DB: 0) | 401 Unauthorized [http://localhost/?openid_username=mag&openid_identifier=https%3A%2F%2Fopenid.octo.com%2Fusers%2Fmag]


Processing ProposalsController#index (for 127.0.0.1 at 2010-08-16 00:37:45) [GET]
  Parameters: {"rp_nonce"=>"2010-08-15T22:37:42Zj5JVge", "openid1_claimed_id"=>"https://openid.octo.com/users/mag"}
Redirected to http://localhost:3000/sessions/confirm
Filter chain halted as [:handle_openid] rendered_or_redirected.
Completed in 6ms (DB: 2) | 302 Found [http://localhost/?rp_nonce=2010-08-15T22%3A37%3A42Zj5JVge&openid1_claimed_id=https%3A%2F%2Fopenid.octo.com%2Fusers%2Fmag]


Processing SessionsController#confirm (for 127.0.0.1 at 2010-08-16 00:37:45) [GET]
Rendering template within layouts/sessions
Rendering sessions/confirm
Completed in 24ms (View: 19, DB: 0) | 200 OK [http://localhost/sessions/confirm]


Processing SessionsController#confirm (for 127.0.0.1 at 2010-08-16 00:37:50) [POST]
  Parameters: {"commit"=>"Confirm my account", "authenticity_token"=>"0oOWAZpejhYuRG5AvIkgBHueWOYKz/OKmhqKjaVniL0=", "user"=>{"nickname"=>"mag", "openid"=>"https://openid.octo.com/users/mag", "email"=>"mag"}}
Redirected to http://localhost:3000/
Completed in 79ms (DB: 0) | 302 Found [http://localhost/sessions/confirm]


Processing ProposalsController#index (for 127.0.0.1 at 2010-08-16 00:37:50) [GET]
Rendering template within layouts/main
Rendering proposals/index
Completed in 32ms (View: 18, DB: 1) | 200 OK [http://localhost/]


Processing ProposalsController#new (for 127.0.0.1 at 2010-08-16 00:37:54) [GET]
Rendering template within layouts/main
Rendering proposals/new
Completed in 36ms (View: 26, DB: 1) | 200 OK [http://localhost/proposals/new]


Processing ProposalsController#create (for 127.0.0.1 at 2010-08-16 00:38:06) [POST]
  Parameters: {"commit"=>"Save your proposal", "authenticity_token"=>"0oOWAZpejhYuRG5AvIkgBHueWOYKz/OKmhqKjaVniL0=", "proposal"=>{"closing_at(4i)"=>"22", "closing_at(5i)"=>"37", "text"=>"I would say i love you", "opening_at(1i)"=>"2010", "opening_at(2i)"=>"8", "opening_at(3i)"=>"15", "closing_at(1i)"=>"2010", "opening_at(4i)"=>"22", "closing_at(2i)"=>"8", "opening_at(5i)"=>"37", "closing_at(3i)"=>"22"}}
Redirected to http://localhost:3000/proposals/1
Completed in 104ms (DB: 0) | 302 Found [http://localhost/proposals]


Processing ProposalsController#show (for 127.0.0.1 at 2010-08-16 00:38:06) [GET]
  Parameters: {"id"=>"1"}
Rendering template within layouts/main
Rendering proposals/show
Completed in 12ms (View: 7, DB: 1) | 200 OK [http://localhost/proposals/1]


Processing VotesController#new (for 127.0.0.1 at 2010-08-16 00:38:10) [GET]
  Parameters: {"proposal_id"=>"1"}
Rendering template within layouts/main
Rendering votes/new
Completed in 29ms (View: 15, DB: 2) | 200 OK [http://localhost/proposals/1/votes/new]


Processing VotesController#create (for 127.0.0.1 at 2010-08-16 00:38:14) [POST]
  Parameters: {"vote"=>{"comment"=>"", "value"=>"pass"}, "commit"=>"Vote!", "authenticity_token"=>"0oOWAZpejhYuRG5AvIkgBHueWOYKz/OKmhqKjaVniL0=", "proposal_id"=>"1"}
Redirected to http://localhost:3000/proposals/1/votes/1
Completed in 111ms (DB: 0) | 302 Found [http://localhost/proposals/1/votes]


Processing VotesController#show (for 127.0.0.1 at 2010-08-16 00:38:15) [GET]
  Parameters: {"id"=>"1", "proposal_id"=>"1"}
Rendering template within layouts/main
Rendering votes/show
Completed in 8ms (View: 3, DB: 1) | 200 OK [http://localhost/proposals/1/votes/1]


Processing ProposalsController#index (for 127.0.0.1 at 2010-08-16 00:38:17) [GET]
Rendering template within layouts/main
Rendering proposals/index
Completed in 22ms (View: 13, DB: 2) | 200 OK [http://localhost/proposals]
